<?xml version="1.0" encoding="UTF-8"?>
<!-- Generated by org.testng.reporters.JUnitReportReporter -->
<testsuite skipped="0" hostname="himas-mbp.lan" name="testCases.TC_002_Login" tests="1" failures="0" timestamp="2022-01-28T15:59:24 EST" time="3.103" errors="0">
  <testcase name="TC_002_Login" time="3.103" classname="testCases.TC_002_Login"/>
  <system-out/>
</testsuite> <!-- testCases.TC_002_Login -->
