<?xml version="1.0" encoding="UTF-8"?>
<!-- Generated by org.testng.reporters.JUnitReportReporter -->
<testsuite skipped="0" hostname="himas-mbp.lan" name="testCases.TC_PDP_001" tests="1" failures="0" timestamp="2022-02-10T21:42:48 EST" time="9.655" errors="0">
  <testcase name="TC_PDP_001" time="9.655" classname="testCases.TC_PDP_001"/>
  <system-out/>
</testsuite> <!-- testCases.TC_PDP_001 -->
