<?xml version="1.0" encoding="UTF-8"?>
<!-- Generated by org.testng.reporters.JUnitReportReporter -->
<testsuite hostname="himas-mbp.lan" failures="0" tests="1" name="testCases.TC_002_Login" time="2.884" errors="0" timestamp="2022-01-26T16:20:38 EST" skipped="0">
  <testcase classname="testCases.TC_002_Login" name="TC_002_Login" time="2.884"/>
  <system-out/>
</testsuite> <!-- testCases.TC_002_Login -->
