<?xml version="1.0" encoding="UTF-8"?>
<!-- Generated by org.testng.reporters.JUnitReportReporter -->
<testsuite skipped="0" hostname="himas-mbp.lan" name="testCases.TC_PC_004" tests="1" failures="0" timestamp="2022-02-10T21:42:48 EST" time="3.500" errors="0">
  <testcase name="TC_PC_004" time="3.500" classname="testCases.TC_PC_004"/>
  <system-out/>
</testsuite> <!-- testCases.TC_PC_004 -->
