<?xml version="1.0" encoding="UTF-8"?>
<!-- Generated by org.testng.reporters.JUnitReportReporter -->
<testsuite skipped="0" hostname="himas-mbp.lan" name="testCases.TC_LG_003" tests="1" failures="0" timestamp="2022-01-29T17:07:15 EST" time="3.639" errors="0">
  <testcase name="TC_LG_003" time="3.639" classname="testCases.TC_LG_003"/>
  <system-out/>
</testsuite> <!-- testCases.TC_LG_003 -->
