<?xml version="1.0" encoding="UTF-8"?>
<!-- Generated by org.testng.reporters.JUnitReportReporter -->
<testsuite skipped="0" hostname="himas-mbp.lan" name="testCases.TC_001_AccountRegistration" tests="1" failures="0" timestamp="2022-02-10T21:42:48 EST" time="2.919" errors="0">
  <testcase name="test_account_Registration" time="2.919" classname="testCases.TC_001_AccountRegistration"/>
  <system-out/>
</testsuite> <!-- testCases.TC_001_AccountRegistration -->
