<?xml version="1.0" encoding="UTF-8"?>
<!-- Generated by org.testng.reporters.JUnitReportReporter -->
<testsuite hostname="himas-mbp.lan" failures="0" tests="4" name="testCases.TC_003_LoginDDT" time="4.753" errors="0" timestamp="2022-01-26T15:02:28 EST" skipped="0">
  <testcase classname="testCases.TC_003_LoginDDT" name="TC_003_LoginDDT" time="1.039"/>
  <system-out/>
  <testcase classname="testCases.TC_003_LoginDDT" name="TC_003_LoginDDT" time="1.707"/>
  <system-out/>
  <testcase classname="testCases.TC_003_LoginDDT" name="TC_003_LoginDDT" time="1.020"/>
  <system-out/>
  <testcase classname="testCases.TC_003_LoginDDT" name="TC_003_LoginDDT" time="0.987"/>
  <system-out/>
</testsuite> <!-- testCases.TC_003_LoginDDT -->
