<?xml version="1.0" encoding="UTF-8"?>
<!-- Generated by org.testng.reporters.JUnitReportReporter -->
<testsuite skipped="0" hostname="himas-mbp.lan" name="testCases.TC_SF_015" tests="1" failures="0" timestamp="2022-01-29T17:07:15 EST" time="2.142" errors="0">
  <testcase name="TC_SF_015" time="2.142" classname="testCases.TC_SF_015"/>
  <system-out/>
</testsuite> <!-- testCases.TC_SF_015 -->
