<?xml version="1.0" encoding="UTF-8"?>
<!-- Generated by org.testng.reporters.JUnitReportReporter -->
<testsuite skipped="0" hostname="himas-mbp.lan" name="testCases.TC_003_LoginDDT" tests="4" failures="0" timestamp="2022-01-28T11:41:09 EST" time="4.679" errors="0">
  <testcase name="TC_003_LoginDDT" time="1.162" classname="testCases.TC_003_LoginDDT"/>
  <system-out/>
  <testcase name="TC_003_LoginDDT" time="0.878" classname="testCases.TC_003_LoginDDT"/>
  <system-out/>
  <testcase name="TC_003_LoginDDT" time="0.865" classname="testCases.TC_003_LoginDDT"/>
  <system-out/>
  <testcase name="TC_003_LoginDDT" time="1.774" classname="testCases.TC_003_LoginDDT"/>
  <system-out/>
</testsuite> <!-- testCases.TC_003_LoginDDT -->
