<?xml version="1.0" encoding="UTF-8"?>
<!-- Generated by org.testng.reporters.JUnitReportReporter -->
<testsuite skipped="0" hostname="himas-mbp.lan" name="testCases.TC_003_LoginDDT" tests="4" failures="0" timestamp="2022-01-26T18:46:47 EST" time="4.571" errors="0">
  <testcase name="TC_003_LoginDDT" time="1.643" classname="testCases.TC_003_LoginDDT"/>
  <system-out/>
  <testcase name="TC_003_LoginDDT" time="0.968" classname="testCases.TC_003_LoginDDT"/>
  <system-out/>
  <testcase name="TC_003_LoginDDT" time="0.959" classname="testCases.TC_003_LoginDDT"/>
  <system-out/>
  <testcase name="TC_003_LoginDDT" time="1.001" classname="testCases.TC_003_LoginDDT"/>
  <system-out/>
</testsuite> <!-- testCases.TC_003_LoginDDT -->
