<?xml version="1.0" encoding="UTF-8"?>
<!-- Generated by org.testng.reporters.JUnitReportReporter -->
<testsuite skipped="0" hostname="himas-mbp.lan" name="testCases.TC_001_AccountRegistration" tests="1" failures="0" timestamp="2022-01-29T17:10:30 EST" time="3.195" errors="0">
  <testcase name="test_account_Registration" time="3.195" classname="testCases.TC_001_AccountRegistration"/>
  <system-out/>
</testsuite> <!-- testCases.TC_001_AccountRegistration -->
