<?xml version="1.0" encoding="UTF-8"?>
<!-- Generated by org.testng.reporters.JUnitReportReporter -->
<testsuite skipped="0" hostname="himas-mbp.lan" name="testCases.TC_002_Login" tests="1" failures="0" timestamp="2022-01-29T17:10:30 EST" time="2.743" errors="0">
  <testcase name="TC_002_Login" time="2.743" classname="testCases.TC_002_Login"/>
  <system-out/>
</testsuite> <!-- testCases.TC_002_Login -->
