<?xml version="1.0" encoding="UTF-8"?>
<!-- Generated by org.testng.reporters.JUnitReportReporter -->
<testsuite skipped="0" hostname="himas-mbp.lan" name="testCases.TC_PDP_035" tests="1" failures="0" timestamp="2022-02-10T21:47:26 EST" time="2.661" errors="0">
  <testcase name="TC_PDP_035" time="2.661" classname="testCases.TC_PDP_035"/>
  <system-out/>
</testsuite> <!-- testCases.TC_PDP_035 -->
